Using device: cuda
4
tensor(2, device='cuda:0')
tensor(2, device='cuda:0')
tensor(2, device='cuda:0')
tensor(2, device='cuda:0')
tensor(2, device='cuda:0')
tensor(2, device='cuda:0')
tensor(2, device='cuda:0')
tensor(2, device='cuda:0')
tensor(2, device='cuda:0')
tensor(2, device='cuda:0')
tensor(2, device='cuda:0')
tensor(2, device='cuda:0')
tensor(2, device='cuda:0')
tensor(2, device='cuda:0')
tensor(2, device='cuda:0')
tensor(2, device='cuda:0')
tensor(2, device='cuda:0')
tensor(2, device='cuda:0')
tensor(2, device='cuda:0')
tensor(2, device='cuda:0')
tensor(2, device='cuda:0')
tensor(2, device='cuda:0')
tensor(2, device='cuda:0')
tensor(2, device='cuda:0')
tensor(2, device='cuda:0')
tensor(2, device='cuda:0')
tensor(2, device='cuda:0')
tensor(2, device='cuda:0')
tensor(2, device='cuda:0')
tensor(2, device='cuda:0')
tensor(2, device='cuda:0')
tensor(2, device='cuda:0')
tensor(2, device='cuda:0')
tensor(2, device='cuda:0')
tensor(2, device='cuda:0')
tensor(2, device='cuda:0')
tensor(2, device='cuda:0')
tensor(2, device='cuda:0')
tensor(2, device='cuda:0')
tensor(2, device='cuda:0')
tensor(2, device='cuda:0')
tensor(2, device='cuda:0')
tensor(2, device='cuda:0')
tensor(2, device='cuda:0')
tensor(2, device='cuda:0')
tensor(2, device='cuda:0')
tensor(2, device='cuda:0')
tensor(2, device='cuda:0')
tensor(2, device='cuda:0')
tensor(2, device='cuda:0')
tensor(2, device='cuda:0')
tensor(2, device='cuda:0')
tensor(2, device='cuda:0')
Video saved to /dors/wankowicz_lab/adrian/temp/videos/breakout_game.mp4
Action Counts: [ 0.  0. 53.  0.]
Finished playing! It took 0 minutes and 6 seconds.
